<?xml version="1.0" encoding="UTF-8"?>
<testsuite name="ConsistentHashingTest" tests="2" skipped="0" failures="0" errors="0" timestamp="2023-12-04T17:25:12" hostname="pedro-ideapad5" time="0.032">
  <properties/>
  <testcase name="addExtraNode()" classname="ConsistentHashingTest" time="0.028"/>
  <testcase name="removeNode()" classname="ConsistentHashingTest" time="0.003"/>
  <system-out><![CDATA[]]></system-out>
  <system-err><![CDATA[]]></system-err>
</testsuite>
